<?xml version="1.0" encoding="UTF-8"?>
<!-- Generated by org.testng.reporters.JUnitReportReporter -->
<testsuite skipped="0" hostname="DESKTOP-J1QSGQK" name="com.test.orangeHrms.TestRunner" tests="1" failures="0" timestamp="13 May 2021 10:29:29 GMT" time="18.715" errors="0">
  <testcase name="runScenario" time="18.715" classname="com.test.orangeHrms.TestRunner"/>
</testsuite> <!-- com.test.orangeHrms.TestRunner -->
